<?xml version="1.0" encoding="UTF-8"?>
<beans 	xmlns="http://www.springframework.org/schema/beans"
		xmlns:xsi="http://www.w3.org/2001/XMLSchema-instance"
		xmlns:p="http://www.springframework.org/schema/p"
		xmlns:aop="http://www.springframework.org/schema/aop"
		xmlns:context="http://www.springframework.org/schema/context"
		xmlns:jee="http://www.springframework.org/schema/jee"
		xmlns:tx="http://www.springframework.org/schema/tx"
		xmlns:util="http://www.springframework.org/schema/util"
		xsi:schemaLocation="
			http://www.springframework.org/schema/aop http://www.springframework.org/schema/aop/spring-aop-2.5.xsd
			http://www.springframework.org/schema/beans http://www.springframework.org/schema/beans/spring-beans-2.5.xsd
			http://www.springframework.org/schema/context http://www.springframework.org/schema/context/spring-context-2.5.xsd
			http://www.springframework.org/schema/jee http://www.springframework.org/schema/jee/spring-jee-2.5.xsd
			http://www.springframework.org/schema/tx http://www.springframework.org/schema/tx/spring-tx-2.5.xsd
			http://www.springframework.org/schema/util http://www.springframework.org/schema/util/spring-util-2.0.xsd" >


    <import resource="classpath:/net/freedom/gj/beans/converter-config.xml"/>

	<bean class="net.freedom.gj.beans.config.SpringMapperConfiguration"
            p:configurationFile="net/freedom/gj/beans/beanA-to-beanB.xml"
            p:sourceType="net.freedom.gj.beans.EntityBeanA"
            p:targetType="net.freedom.gj.beans.EntityBeanB" />

   <bean class="net.freedom.gj.beans.config.SimpleFileMapperConfiguration"
            p:configurationFile="/net/freedom/gj/beans/beanA-to-beanB-additional-mapping.txt"
            p:sourceType="net.freedom.gj.beans.EntityBeanA"
            p:targetType="net.freedom.gj.beans.EntityBeanB" />
	    

</beans>