<?xml version="1.0" encoding="UTF-8"?>
<beans 	xmlns="http://www.springframework.org/schema/beans"
		xmlns:xsi="http://www.w3.org/2001/XMLSchema-instance"
		xmlns:p="http://www.springframework.org/schema/p"
		xmlns:aop="http://www.springframework.org/schema/aop"
		xmlns:context="http://www.springframework.org/schema/context"
		xmlns:jee="http://www.springframework.org/schema/jee"
		xmlns:tx="http://www.springframework.org/schema/tx"
		xmlns:util="http://www.springframework.org/schema/util"
		xsi:schemaLocation="
			http://www.springframework.org/schema/aop http://www.springframework.org/schema/aop/spring-aop-2.5.xsd
			http://www.springframework.org/schema/beans http://www.springframework.org/schema/beans/spring-beans-2.5.xsd
			http://www.springframework.org/schema/context http://www.springframework.org/schema/context/spring-context-2.5.xsd
			http://www.springframework.org/schema/jee http://www.springframework.org/schema/jee/spring-jee-2.5.xsd
			http://www.springframework.org/schema/tx http://www.springframework.org/schema/tx/spring-tx-2.5.xsd
			http://www.springframework.org/schema/util http://www.springframework.org/schema/util/spring-util-2.0.xsd" >




	<bean class="org.viablespark.mapper.config.SpringXmlMapperConfiguration"
            p:configurationFile="net/freedom/gj/beans/spring/beanA-to-beanB.xml"
            p:sourceType="org.viablespark.mapper.EntityBeanA"
            p:targetType="org.viablespark.mapper.EntityBeanB" />

   <bean class="org.viablespark.mapper.config.SimpleFileMapperConfiguration"
            p:configurationFile="/net/freedom/gj/beans/spring/beanA-to-beanB-additional-mapping.txt"
            p:sourceType="org.viablespark.mapper.EntityBeanA"
            p:targetType="org.viablespark.mapper.EntityBeanB" />
	    

</beans>